  pch.cpp
  Allocator.cpp
  BufferReader.cpp
  BufferWriter.cpp
  CoreGlobal.cpp
  CorePch.cpp
  CoreTLS.cpp
  DBConnection.cpp
  DBConnectionPool.cpp
  DeadLockProfiler.cpp
  GlobalQueue.cpp
  IocpCore.cpp
  IocpEvent.cpp
  Job.cpp
  JobQueue.cpp
  JobTimer.cpp
  Listener.cpp
  Lock.cpp
  LockQueue.cpp
  Memory.cpp
  MemoryPool.cpp
  코드를 생성하고 있습니다...
  컴파일하고 있습니다...
  NetAddress.cpp
  RecvBuffer.cpp
  RefCounting.cpp
  SendBuffer.cpp
  Service.cpp
  Session.cpp
  SocketUtils.cpp
  ThreadManager.cpp
  코드를 생성하고 있습니다...
  ServerCore.vcxproj -> D:\Cpp\Server_CPP\Libraries\Libs\ServerCore\Debug\ServerCore.lib
